#===============================================================================
# Copyright 2006-2018 Intel Corporation.
#
# This software and the related documents are Intel copyrighted  materials,  and
# your use of  them is  governed by the  express license  under which  they were
# provided to you (License).  Unless the License provides otherwise, you may not
# use, modify, copy, publish, distribute,  disclose or transmit this software or
# the related documents without Intel's prior written permission.
#
# This software and the related documents  are provided as  is,  with no express
# or implied  warranties,  other  than those  that are  expressly stated  in the
# License.
#===============================================================================

WRAP = \
1d_create_plan \
1d_destroy_plan \
1d_fftw \
1d_local_sizes \
nd_create_plan \
nd_destroy_plan \
nd_fftw \
nd_local_sizes \
rnd_create_plan \
rnd_destroy_plan \
rnd_fftw \
rnd_local_sizes
