#===============================================================================
# Copyright 2006-2018 Intel Corporation.
#
# This software and the related documents are Intel copyrighted  materials,  and
# your use of  them is  governed by the  express license  under which  they were
# provided to you (License).  Unless the License provides otherwise, you may not
# use, modify, copy, publish, distribute,  disclose or transmit this software or
# the related documents without Intel's prior written permission.
#
# This software and the related documents  are provided as  is,  with no express
# or implied  warranties,  other  than those  that are  expressly stated  in the
# License.
#===============================================================================

WRAP = \
fftw \
fftw_check_memory_leaks \
fftw_create_plan \
fftw_create_plan_specific \
fftw_destroy_plan \
fftw_die \
fftw_export_wisdom \
fftw_export_wisdom_to_file \
fftw_export_wisdom_to_string \
fftw_forget_wisdom \
fftw_fprint_plan \
fftw_free \
fftw_import_wisdom \
fftw_import_wisdom_from_file \
fftw_import_wisdom_from_string \
fftw_malloc \
fftw_one \
fftw_print_max_memory_usage \
fftw_print_plan \
fftw_sizeof_fftw_real \
fftw_threads \
fftw_threads_init \
fftw_threads_one \
fftw2d_create_plan \
fftw2d_create_plan_specific \
fftw3d_create_plan \
fftw3d_create_plan_specific \
fftwnd \
fftwnd_create_plan \
fftwnd_create_plan_specific \
fftwnd_destroy_plan \
fftwnd_fprint_plan \
fftwnd_one \
fftwnd_print_plan \
fftwnd_threads \
fftwnd_threads_one \
rfftw \
rfftw_create_plan \
rfftw_create_plan_specific \
rfftw_destroy_plan \
rfftw_executor_simple \
rfftw_fprint_plan \
rfftw_one \
rfftw_print_plan \
rfftw_threads \
rfftw_threads_one \
rfftw2d_create_plan \
rfftw2d_create_plan_specific \
rfftw3d_create_plan \
rfftw3d_create_plan_specific \
rfftwnd_complex_to_real \
rfftwnd_create_plan \
rfftwnd_create_plan_specific \
rfftwnd_destroy_plan \
rfftwnd_fprint_plan \
rfftwnd_one_complex_to_real \
rfftwnd_one_real_to_complex \
rfftwnd_print_plan \
rfftwnd_real_to_complex \
rfftwnd_threads_complex_to_real \
rfftwnd_threads_one_complex_to_real \
rfftwnd_threads_one_real_to_complex \
rfftwnd_threads_real_to_complex
